mode: set
github.com/info344-a17/challenges-KyleIWS/servers/gateway/indexes/trie.go:28.31,30.2 1 1
github.com/info344-a17/challenges-KyleIWS/servers/gateway/indexes/trie.go:32.36,34.2 1 1
github.com/info344-a17/challenges-KyleIWS/servers/gateway/indexes/trie.go:36.41,38.2 1 1
github.com/info344-a17/challenges-KyleIWS/servers/gateway/indexes/trie.go:45.56,52.2 1 1
github.com/info344-a17/challenges-KyleIWS/servers/gateway/indexes/trie.go:56.90,59.23 3 1
github.com/info344-a17/challenges-KyleIWS/servers/gateway/indexes/trie.go:64.2,64.41 1 1
github.com/info344-a17/challenges-KyleIWS/servers/gateway/indexes/trie.go:59.23,60.51 1 1
github.com/info344-a17/challenges-KyleIWS/servers/gateway/indexes/trie.go:60.51,62.4 1 1
github.com/info344-a17/challenges-KyleIWS/servers/gateway/indexes/trie.go:70.63,71.19 1 1
github.com/info344-a17/challenges-KyleIWS/servers/gateway/indexes/trie.go:71.19,72.43 1 1
github.com/info344-a17/challenges-KyleIWS/servers/gateway/indexes/trie.go:75.3,76.13 2 1
github.com/info344-a17/challenges-KyleIWS/servers/gateway/indexes/trie.go:72.43,74.4 1 1
github.com/info344-a17/challenges-KyleIWS/servers/gateway/indexes/trie.go:77.3,80.53 2 1
github.com/info344-a17/challenges-KyleIWS/servers/gateway/indexes/trie.go:86.3,86.41 1 1
github.com/info344-a17/challenges-KyleIWS/servers/gateway/indexes/trie.go:80.53,85.4 3 1
github.com/info344-a17/challenges-KyleIWS/servers/gateway/indexes/trie.go:90.72,91.22 1 1
github.com/info344-a17/challenges-KyleIWS/servers/gateway/indexes/trie.go:91.22,94.17 2 1
github.com/info344-a17/challenges-KyleIWS/servers/gateway/indexes/trie.go:97.3,97.28 1 1
github.com/info344-a17/challenges-KyleIWS/servers/gateway/indexes/trie.go:94.17,96.4 1 0
github.com/info344-a17/challenges-KyleIWS/servers/gateway/indexes/trie.go:98.3,100.53 2 1
github.com/info344-a17/challenges-KyleIWS/servers/gateway/indexes/trie.go:103.3,103.41 1 1
github.com/info344-a17/challenges-KyleIWS/servers/gateway/indexes/trie.go:100.53,102.4 1 1
github.com/info344-a17/challenges-KyleIWS/servers/gateway/indexes/trie.go:107.71,109.23 2 1
github.com/info344-a17/challenges-KyleIWS/servers/gateway/indexes/trie.go:119.2,119.25 1 1
github.com/info344-a17/challenges-KyleIWS/servers/gateway/indexes/trie.go:130.2,130.26 1 1
github.com/info344-a17/challenges-KyleIWS/servers/gateway/indexes/trie.go:109.23,111.38 2 1
github.com/info344-a17/challenges-KyleIWS/servers/gateway/indexes/trie.go:111.38,114.14 3 1
github.com/info344-a17/challenges-KyleIWS/servers/gateway/indexes/trie.go:114.14,116.5 1 1
github.com/info344-a17/challenges-KyleIWS/servers/gateway/indexes/trie.go:119.25,121.37 2 1
github.com/info344-a17/challenges-KyleIWS/servers/gateway/indexes/trie.go:121.37,125.14 4 1
github.com/info344-a17/challenges-KyleIWS/servers/gateway/indexes/trie.go:125.14,127.5 1 1
github.com/info344-a17/challenges-KyleIWS/servers/gateway/indexes/trie.go:134.66,135.19 1 1
github.com/info344-a17/challenges-KyleIWS/servers/gateway/indexes/trie.go:135.19,137.44 1 1
github.com/info344-a17/challenges-KyleIWS/servers/gateway/indexes/trie.go:141.3,144.24 2 1
github.com/info344-a17/challenges-KyleIWS/servers/gateway/indexes/trie.go:154.3,154.13 1 1
github.com/info344-a17/challenges-KyleIWS/servers/gateway/indexes/trie.go:137.44,139.4 1 0
github.com/info344-a17/challenges-KyleIWS/servers/gateway/indexes/trie.go:144.24,145.28 1 1
github.com/info344-a17/challenges-KyleIWS/servers/gateway/indexes/trie.go:145.28,148.5 1 1
github.com/info344-a17/challenges-KyleIWS/servers/gateway/indexes/trie.go:155.3,157.51 2 1
github.com/info344-a17/challenges-KyleIWS/servers/gateway/indexes/trie.go:160.3,160.44 1 1
github.com/info344-a17/challenges-KyleIWS/servers/gateway/indexes/trie.go:157.51,159.4 1 1
github.com/info344-a17/challenges-KyleIWS/servers/gateway/indexes/trie.go:164.39,170.24 2 1
github.com/info344-a17/challenges-KyleIWS/servers/gateway/indexes/trie.go:170.24,172.27 1 1
github.com/info344-a17/challenges-KyleIWS/servers/gateway/indexes/trie.go:172.27,174.23 1 1
github.com/info344-a17/challenges-KyleIWS/servers/gateway/indexes/trie.go:174.23,177.5 1 1
github.com/info344-a17/challenges-KyleIWS/servers/gateway/indexes/trie.go:188.66,190.27 2 1
github.com/info344-a17/challenges-KyleIWS/servers/gateway/indexes/trie.go:193.2,194.17 2 1
github.com/info344-a17/challenges-KyleIWS/servers/gateway/indexes/trie.go:190.27,192.3 1 1
github.com/info344-a17/challenges-KyleIWS/servers/gateway/indexes/trie.go:197.74,201.29 2 1
github.com/info344-a17/challenges-KyleIWS/servers/gateway/indexes/trie.go:205.2,208.43 3 1
github.com/info344-a17/challenges-KyleIWS/servers/gateway/indexes/trie.go:211.2,211.26 1 1
github.com/info344-a17/challenges-KyleIWS/servers/gateway/indexes/trie.go:201.29,203.3 1 1
github.com/info344-a17/challenges-KyleIWS/servers/gateway/indexes/trie.go:208.43,210.3 1 1
